info: May-24-2022 15:16:57: 	Server is running on port: 4177
info: May-24-2022 15:16:59: 	Server is running on port: 4177
info: May-24-2022 15:18:14: 	Server is running on port: 4177
info: May-24-2022 15:18:32: 	Success fetching create card!
info: May-24-2022 15:20:37: 	Server is running on port: 4177
info: May-24-2022 15:21:29: 	Server is running on port: 4177
info: May-24-2022 15:25:32: 	Server is running on port: 4177
info: May-24-2022 15:27:22: 	Server is running on port: 4177
info: May-24-2022 15:27:50: 	Success fetching update-lists!
info: May-24-2022 15:27:52: 	Success fetching update-lists!
info: May-24-2022 15:27:55: 	Success fetching update-lists!
info: May-24-2022 15:28:01: 	Success fetching lists BoardID - 479bbdca-f6f6-4e13-8e09-af6ec4d13e01
info: May-24-2022 15:28:09: 	Success fetching update-lists!
info: May-24-2022 15:28:20: 	Success fetching lists BoardID - af36c4fd-3bcc-460c-a08c-133e5fe4acbf
info: May-24-2022 15:28:24: 	Success fetching lists BoardID - 999d44aa-8ec8-49d0-b4bb-6fc7f4c5d059
info: May-24-2022 15:28:37: 	Success fetching lists BoardID - 479bbdca-f6f6-4e13-8e09-af6ec4d13e01
info: May-24-2022 15:31:03: 	Server is running on port: 4177
info: May-24-2022 15:32:05: 	Server is running on port: 4177
info: May-24-2022 15:32:14: 	Server is running on port: 4177
info: May-24-2022 15:32:21: 	Success fetching get boards list!
info: May-24-2022 15:32:22: 	Success fetching lists BoardID - 479bbdca-f6f6-4e13-8e09-af6ec4d13e01
info: May-24-2022 15:32:26: 	Success fetching get boards list!
info: May-24-2022 15:32:27: 	Success fetching lists BoardID - 479bbdca-f6f6-4e13-8e09-af6ec4d13e01
info: May-24-2022 15:38:50: 	Success fetching get actions list!
info: May-24-2022 15:38:53: 	Success fetching get boards list!
info: May-24-2022 15:38:55: 	Success fetching lists BoardID - 479bbdca-f6f6-4e13-8e09-af6ec4d13e01
info: May-24-2022 15:38:56: 	Success fetching get actions list!
info: May-24-2022 15:47:26: 	Success fetching update-lists!
info: May-24-2022 15:47:27: 	Success fetching update-lists!
info: May-24-2022 15:47:28: 	Success fetching update-lists!
info: May-24-2022 15:47:29: 	Success fetching update-lists!
info: May-24-2022 15:50:59: 	Server is running on port: 4177
info: May-24-2022 15:56:35: 	Success fetching get boards list!
info: May-24-2022 15:57:49: 	Success fetching get boards list!
info: May-24-2022 15:58:32: 	Success fetching get boards list!
info: May-24-2022 16:00:46: 	Success fetching get boards list!
info: May-24-2022 16:03:14: 	Server is running on port: 4177
info: May-24-2022 16:05:54: 	Success fetching get boards list!
info: May-24-2022 16:06:32: 	Success fetching lists BoardID - 479bbdca-f6f6-4e13-8e09-af6ec4d13e01
info: May-24-2022 16:06:35: 	Success fetching create board!
info: May-24-2022 16:06:42: 	Success fetching get boards list!
info: May-24-2022 16:06:45: 	Success fetching lists BoardID - 479bbdca-f6f6-4e13-8e09-af6ec4d13e01
info: May-24-2022 16:07:58: 	Success fetching create board!
info: May-24-2022 16:08:00: 	Success fetching get boards list!
info: May-24-2022 16:08:01: 	Success fetching lists BoardID - 73709e0a-28e0-4a4e-866e-92d18477d487
info: May-24-2022 16:08:03: 	Success fetching lists BoardID - 49adc543-1981-41ce-8b69-42ec6548c8af
info: May-24-2022 16:08:04: 	Success fetching lists BoardID - 999d44aa-8ec8-49d0-b4bb-6fc7f4c5d059
info: May-24-2022 16:08:06: 	Success fetching lists BoardID - af36c4fd-3bcc-460c-a08c-133e5fe4acbf
info: May-24-2022 16:08:55: 	Success fetching lists BoardID - 479bbdca-f6f6-4e13-8e09-af6ec4d13e01
info: May-24-2022 16:08:58: 	Success fetching lists BoardID - af36c4fd-3bcc-460c-a08c-133e5fe4acbf
info: May-24-2022 16:08:59: 	Success fetching lists BoardID - 999d44aa-8ec8-49d0-b4bb-6fc7f4c5d059
info: May-24-2022 16:09:00: 	Success fetching lists BoardID - 479bbdca-f6f6-4e13-8e09-af6ec4d13e01
info: May-24-2022 16:12:57: 	Error fetching get boards list!
info: May-24-2022 16:13:09: 	Error fetching get boards list!
info: May-24-2022 16:14:46: 	Server is running on port: 4177
info: May-24-2022 16:15:32: 	Success fetching get boards list!
info: May-24-2022 16:16:28: 	Error fetching get boards list!
info: May-24-2022 16:16:45: 	Error fetching get boards list!
info: May-24-2022 16:26:46: 	Server is running on port: 4177
info: May-24-2022 16:26:51: 	Success fetching get boards list!
info: May-24-2022 16:26:53: 	Success fetching lists BoardID - 479bbdca-f6f6-4e13-8e09-af6ec4d13e01
info: May-24-2022 16:32:58: 	Success fetching update-lists!
info: May-24-2022 16:40:31: 	Success fetching get boards list!
info: May-24-2022 16:40:33: 	Success fetching lists BoardID - 479bbdca-f6f6-4e13-8e09-af6ec4d13e01
info: May-24-2022 16:40:34: 	Success fetching get actions list!
info: May-24-2022 16:40:37: 	Success fetching change card description!
info: May-24-2022 16:40:40: 	Success fetching create!
info: May-24-2022 16:40:41: 	Success fetching get actions list!
info: May-24-2022 16:40:48: 	Success fetching create list!
info: May-24-2022 17:13:04: 	Success fetching get boards list!
info: May-24-2022 17:16:28: 	Success fetching delete list!
info: May-24-2022 17:17:53: 	Success fetching create list!
info: May-24-2022 17:18:28: 	Success fetching delete list!
info: May-24-2022 17:18:31: 	Success fetching create list!
info: May-24-2022 17:24:30: 	Success fetching update-lists!
info: May-24-2022 17:24:31: 	Success fetching update-lists!
info: May-24-2022 17:24:33: 	Success fetching update-lists!
info: May-24-2022 17:24:34: 	Success fetching update-lists!
info: May-24-2022 17:24:35: 	Success fetching update-lists!
info: May-24-2022 17:24:35: 	Success fetching update-lists!
info: May-24-2022 17:24:37: 	Success fetching update-lists!
info: May-24-2022 17:24:38: 	Success fetching update-lists!
info: May-24-2022 17:24:40: 	Success fetching update-lists!
info: May-24-2022 17:24:47: 	Success fetching lists BoardID - 73709e0a-28e0-4a4e-866e-92d18477d487
info: May-24-2022 17:24:48: 	Success fetching lists BoardID - 49adc543-1981-41ce-8b69-42ec6548c8af
info: May-24-2022 17:24:49: 	Success fetching lists BoardID - 999d44aa-8ec8-49d0-b4bb-6fc7f4c5d059
info: May-24-2022 17:24:49: 	Success fetching lists BoardID - af36c4fd-3bcc-460c-a08c-133e5fe4acbf
info: May-24-2022 17:24:49: 	Success fetching lists BoardID - 6522ea01-9a59-4c0f-80f4-851839c3d8e2
info: May-24-2022 17:24:50: 	Success fetching lists BoardID - 479bbdca-f6f6-4e13-8e09-af6ec4d13e01
info: May-24-2022 17:24:52: 	Success fetching get boards list!
info: May-24-2022 17:24:53: 	Success fetching lists BoardID - 479bbdca-f6f6-4e13-8e09-af6ec4d13e01
info: May-24-2022 17:24:58: 	Success fetching get actions list!
info: May-24-2022 21:21:37: 	Server is running on port: 4177
info: May-24-2022 22:12:11: 	Server is running on port: 4177
